/*C3*/SET SCHEMA PUBLIC
DELETE FROM MATRIXH WHERE AL_ID=0
DELETE FROM MATRIXH WHERE AL_ID=1
DELETE FROM MATRIXH WHERE AL_ID=2
DELETE FROM MATRIXH WHERE AL_ID=3
DELETE FROM MATRIXH WHERE AL_ID=4
DELETE FROM MATRIXH WHERE AL_ID=5
DELETE FROM MATRIXH WHERE AL_ID=6
DELETE FROM MATRIXH WHERE AL_ID=7
DELETE FROM MATRIXH WHERE AL_ID=8
DELETE FROM MATRIXH WHERE AL_ID=9
DELETE FROM MATRIXH WHERE AL_ID=10
DELETE FROM MATRIXH WHERE AL_ID=11
DELETE FROM MATRIXH WHERE AL_ID=12
DELETE FROM MATRIXH WHERE AL_ID=13
DELETE FROM MATRIXH WHERE AL_ID=14
DELETE FROM MATRIXH WHERE AL_ID=15
DELETE FROM MATRIXH WHERE AL_ID=16
DELETE FROM MATRIXH WHERE AL_ID=17
DELETE FROM MATRIXH WHERE AL_ID=18
DELETE FROM MATRIXH WHERE AL_ID=19
DELETE FROM MATRIXH WHERE AL_ID=20
DELETE FROM MATRIXH WHERE AL_ID=21
DELETE FROM MATRIXH WHERE AL_ID=22
DELETE FROM MATRIXH WHERE AL_ID=23
DELETE FROM MATRIXH WHERE AL_ID=24
DELETE FROM MATRIXH WHERE AL_ID=25
DELETE FROM MATRIXH WHERE AL_ID=26
DELETE FROM MATRIXH WHERE AL_ID=27
DELETE FROM MATRIXH WHERE AL_ID=28
DELETE FROM MATRIXH WHERE AL_ID=29
DELETE FROM MATRIXH WHERE AL_ID=30
DELETE FROM MATRIXH WHERE AL_ID=31
DELETE FROM MATRIXH WHERE AL_ID=32
DELETE FROM MATRIXH WHERE AL_ID=33
DELETE FROM MATRIXH WHERE AL_ID=34
DELETE FROM MATRIXH WHERE AL_ID=35
DELETE FROM MATRIXH WHERE AL_ID=36
DELETE FROM MATRIXH WHERE AL_ID=37
DELETE FROM MATRIXH WHERE AL_ID=38
DELETE FROM MATRIXH WHERE AL_ID=39
DELETE FROM MATRIXH WHERE AL_ID=40
DELETE FROM MATRIXH WHERE AL_ID=41
DELETE FROM MATRIXH WHERE AL_ID=42
DELETE FROM MATRIXH WHERE AL_ID=43
DELETE FROM MATRIXH WHERE AL_ID=44
DELETE FROM MATRIXH WHERE AL_ID=45
DELETE FROM MATRIXH WHERE AL_ID=46
DELETE FROM MATRIXH WHERE AL_ID=47
DELETE FROM MATRIXH WHERE AL_ID=48
DELETE FROM MATRIXH WHERE AL_ID=49
DELETE FROM MATRIXH WHERE AL_ID=50
DELETE FROM MATRIXH WHERE AL_ID=51
DELETE FROM MATRIXH WHERE AL_ID=52
DELETE FROM MATRIXH WHERE AL_ID=53
DELETE FROM MATRIXH WHERE AL_ID=54
DELETE FROM MATRIXH WHERE AL_ID=55
DELETE FROM MATRIXH WHERE AL_ID=56
DELETE FROM MATRIXH WHERE AL_ID=57
DELETE FROM MATRIXH WHERE AL_ID=58
DELETE FROM MATRIXH WHERE AL_ID=59
DELETE FROM MATRIXH WHERE AL_ID=60
DELETE FROM MATRIXH WHERE AL_ID=61
DELETE FROM MATRIXH WHERE AL_ID=62
DELETE FROM MATRIXH WHERE AL_ID=63
DELETE FROM MATRIXH WHERE AL_ID=64
DELETE FROM MATRIXH WHERE AL_ID=65
DELETE FROM MATRIXH WHERE AL_ID=66
DELETE FROM MATRIXH WHERE AL_ID=67
DELETE FROM MATRIXH WHERE AL_ID=68
DELETE FROM MATRIXH WHERE AL_ID=69
DELETE FROM MATRIXH WHERE AL_ID=70
DELETE FROM MATRIXH WHERE AL_ID=71
DELETE FROM MATRIXH WHERE AL_ID=72
DELETE FROM MATRIXH WHERE AL_ID=73
DELETE FROM MATRIXH WHERE AL_ID=74
DELETE FROM MATRIXH WHERE AL_ID=75
DELETE FROM MATRIXH WHERE AL_ID=76
DELETE FROM MATRIXH WHERE AL_ID=77
DELETE FROM MATRIXH WHERE AL_ID=78
DELETE FROM MATRIXH WHERE AL_ID=79
DELETE FROM MATRIXH WHERE AL_ID=80
DELETE FROM MATRIXH WHERE AL_ID=81
DELETE FROM MATRIXH WHERE AL_ID=82
DELETE FROM MATRIXH WHERE AL_ID=83
DELETE FROM MATRIXH WHERE AL_ID=84
DELETE FROM MATRIXH WHERE AL_ID=85
DELETE FROM MATRIXH WHERE AL_ID=86
DELETE FROM MATRIXH WHERE AL_ID=87
DELETE FROM MATRIXH WHERE AL_ID=88
DELETE FROM MATRIXH WHERE AL_ID=89
DELETE FROM MATRIXH WHERE AL_ID=90
DELETE FROM MATRIXH WHERE AL_ID=91
DELETE FROM MATRIXH WHERE AL_ID=92
DELETE FROM MATRIXH WHERE AL_ID=93
DELETE FROM MATRIXH WHERE AL_ID=94
DELETE FROM MATRIXH WHERE AL_ID=95
DELETE FROM MATRIXH WHERE AL_ID=96
DELETE FROM MATRIXH WHERE AL_ID=97
DELETE FROM MATRIXH WHERE AL_ID=98
DELETE FROM MATRIXH WHERE AL_ID=99
DELETE FROM MATRIXH WHERE AL_ID=100
DELETE FROM MATRIXH WHERE AL_ID=101
DELETE FROM MATRIXH WHERE AL_ID=102
DELETE FROM MATRIXH WHERE AL_ID=103
DELETE FROM MATRIXH WHERE AL_ID=104
DELETE FROM MATRIXH WHERE AL_ID=105
DELETE FROM MATRIXH WHERE AL_ID=106
DELETE FROM MATRIXH WHERE AL_ID=107
DELETE FROM MATRIXH WHERE AL_ID=108
DELETE FROM MATRIXH WHERE AL_ID=109
DELETE FROM MATRIXH WHERE AL_ID=110
DELETE FROM MATRIXH WHERE AL_ID=111
DELETE FROM MATRIXH WHERE AL_ID=112
DELETE FROM MATRIXH WHERE AL_ID=113
DELETE FROM MATRIXH WHERE AL_ID=114
DELETE FROM MATRIXH WHERE AL_ID=115
DELETE FROM MATRIXH WHERE AL_ID=116
DELETE FROM MATRIXH WHERE AL_ID=117
DELETE FROM MATRIXH WHERE AL_ID=118
DELETE FROM MATRIXH WHERE AL_ID=119
DELETE FROM MATRIXH WHERE AL_ID=120
DELETE FROM MATRIXH WHERE AL_ID=121
DELETE FROM MATRIXH WHERE AL_ID=122
DELETE FROM MATRIXH WHERE AL_ID=123
DELETE FROM MATRIXH WHERE AL_ID=124
DELETE FROM MATRIXH WHERE AL_ID=125
DELETE FROM MATRIXH WHERE AL_ID=126
DELETE FROM MATRIXH WHERE AL_ID=127
DELETE FROM MATRIXH WHERE AL_ID=128
DELETE FROM MATRIXH WHERE AL_ID=129
DELETE FROM MATRIXH WHERE AL_ID=130
DELETE FROM MATRIXH WHERE AL_ID=131
DELETE FROM MATRIXH WHERE AL_ID=132
DELETE FROM MATRIXH WHERE AL_ID=133
DELETE FROM MATRIXH WHERE AL_ID=134
DELETE FROM MATRIXH WHERE AL_ID=135
DELETE FROM MATRIXH WHERE AL_ID=136
DELETE FROM MATRIXH WHERE AL_ID=137
DELETE FROM MATRIXH WHERE AL_ID=138
DELETE FROM MATRIXH WHERE AL_ID=139
DELETE FROM MATRIXH WHERE AL_ID=140
DELETE FROM MATRIXH WHERE AL_ID=141
DELETE FROM MATRIXH WHERE AL_ID=142
DELETE FROM MATRIXH WHERE AL_ID=143
DELETE FROM MATRIXH WHERE AL_ID=144
DELETE FROM MATRIXH WHERE AL_ID=145
DELETE FROM MATRIXH WHERE AL_ID=146
DELETE FROM MATRIXH WHERE AL_ID=147
DELETE FROM MATRIXH WHERE AL_ID=148
DELETE FROM MATRIXH WHERE AL_ID=149
DELETE FROM MATRIXH WHERE AL_ID=150
DELETE FROM MATRIXH WHERE AL_ID=151
DELETE FROM MATRIXH WHERE AL_ID=152
DELETE FROM MATRIXH WHERE AL_ID=153
DELETE FROM MATRIXH WHERE AL_ID=154
DELETE FROM MATRIXH WHERE AL_ID=155
DELETE FROM MATRIXH WHERE AL_ID=156
DELETE FROM MATRIXH WHERE AL_ID=157
DELETE FROM MATRIXH WHERE AL_ID=158
DELETE FROM MATRIXH WHERE AL_ID=159
DELETE FROM MATRIXH WHERE AL_ID=160
DELETE FROM MATRIXH WHERE AL_ID=161
DELETE FROM MATRIXH WHERE AL_ID=162
DELETE FROM MATRIXH WHERE AL_ID=163
DELETE FROM MATRIXH WHERE AL_ID=164
DELETE FROM MATRIXH WHERE AL_ID=165
DELETE FROM MATRIXH WHERE AL_ID=166
DELETE FROM MATRIXH WHERE AL_ID=167
DELETE FROM MATRIXH WHERE AL_ID=168
DELETE FROM MATRIXH WHERE AL_ID=169
DELETE FROM MATRIXH WHERE AL_ID=170
DELETE FROM MATRIXH WHERE AL_ID=171
DELETE FROM MATRIXH WHERE AL_ID=172
DELETE FROM MATRIXH WHERE AL_ID=173
DELETE FROM MATRIXH WHERE AL_ID=174
DELETE FROM MATRIXH WHERE AL_ID=175
DELETE FROM MATRIXH WHERE AL_ID=176
DELETE FROM MATRIXH WHERE AL_ID=177
DELETE FROM MATRIXH WHERE AL_ID=178
DELETE FROM MATRIXH WHERE AL_ID=179
DELETE FROM MATRIXH WHERE AL_ID=180
DELETE FROM MATRIXH WHERE AL_ID=181
DELETE FROM MATRIXH WHERE AL_ID=182
DELETE FROM MATRIXH WHERE AL_ID=183
DELETE FROM MATRIXH WHERE AL_ID=184
DELETE FROM MATRIXH WHERE AL_ID=185
DELETE FROM MATRIXH WHERE AL_ID=186
DELETE FROM MATRIXH WHERE AL_ID=187
DELETE FROM MATRIXH WHERE AL_ID=188
DELETE FROM MATRIXH WHERE AL_ID=189
DELETE FROM MATRIXH WHERE AL_ID=190
DELETE FROM MATRIXH WHERE AL_ID=191
DELETE FROM MATRIXH WHERE AL_ID=192
DELETE FROM MATRIXH WHERE AL_ID=193
DELETE FROM MATRIXH WHERE AL_ID=194
DELETE FROM MATRIXH WHERE AL_ID=195
DELETE FROM MATRIXH WHERE AL_ID=196
DELETE FROM MATRIXH WHERE AL_ID=197
DELETE FROM MATRIXH WHERE AL_ID=198
DELETE FROM MATRIXH WHERE AL_ID=199
DELETE FROM MATRIXH WHERE AL_ID=200
DELETE FROM MATRIXH WHERE AL_ID=201
DELETE FROM MATRIXH WHERE AL_ID=202
DELETE FROM MATRIXH WHERE AL_ID=203
DELETE FROM MATRIXH WHERE AL_ID=204
DELETE FROM MATRIXH WHERE AL_ID=205
DELETE FROM MATRIXH WHERE AL_ID=206
DELETE FROM MATRIXH WHERE AL_ID=207
DELETE FROM MATRIXH WHERE AL_ID=208
DELETE FROM MATRIXH WHERE AL_ID=209
DELETE FROM MATRIXH WHERE AL_ID=210
DELETE FROM MATRIXH WHERE AL_ID=211
DELETE FROM MATRIXH WHERE AL_ID=212
DELETE FROM MATRIXH WHERE AL_ID=213
DELETE FROM MATRIXH WHERE AL_ID=214
DELETE FROM MATRIXH WHERE AL_ID=215
DELETE FROM MATRIXH WHERE AL_ID=216
DELETE FROM MATRIXH WHERE AL_ID=217
DELETE FROM MATRIXH WHERE AL_ID=218
DELETE FROM MATRIXH WHERE AL_ID=219
DELETE FROM MATRIXH WHERE AL_ID=220
DELETE FROM MATRIXH WHERE AL_ID=221
DELETE FROM MATRIXH WHERE AL_ID=222
DELETE FROM MATRIXH WHERE AL_ID=223
DELETE FROM MATRIXH WHERE AL_ID=224
DELETE FROM MATRIXH WHERE AL_ID=225
DELETE FROM MATRIXH WHERE AL_ID=226
DELETE FROM MATRIXH WHERE AL_ID=227
DELETE FROM MATRIXH WHERE AL_ID=228
DELETE FROM MATRIXH WHERE AL_ID=229
DELETE FROM MATRIXH WHERE AL_ID=230
DELETE FROM MATRIXH WHERE AL_ID=231
DELETE FROM MATRIXH WHERE AL_ID=232
DELETE FROM MATRIXH WHERE AL_ID=233
DELETE FROM MATRIXH WHERE AL_ID=234
DELETE FROM MATRIXH WHERE AL_ID=235
DELETE FROM MATRIXH WHERE AL_ID=236
DELETE FROM MATRIXH WHERE AL_ID=237
DELETE FROM MATRIXH WHERE AL_ID=238
DELETE FROM MATRIXH WHERE AL_ID=239
DELETE FROM MATRIXH WHERE AL_ID=240
DELETE FROM MATRIXH WHERE AL_ID=241
DELETE FROM MATRIXH WHERE AL_ID=242
DELETE FROM MATRIXH WHERE AL_ID=243
DELETE FROM MATRIXH WHERE AL_ID=244
DELETE FROM MATRIXH WHERE AL_ID=245
DELETE FROM MATRIXH WHERE AL_ID=246
DELETE FROM MATRIXH WHERE AL_ID=247
DELETE FROM MATRIXH WHERE AL_ID=248
DELETE FROM MATRIXH WHERE AL_ID=249
DELETE FROM MATRIXH WHERE AL_ID=250
DELETE FROM MATRIXH WHERE AL_ID=251
DELETE FROM MATRIXH WHERE AL_ID=252
DELETE FROM MATRIXH WHERE AL_ID=253
DELETE FROM MATRIXH WHERE AL_ID=254
DELETE FROM MATRIXH WHERE AL_ID=255
DELETE FROM MATRIXH WHERE AL_ID=256
DELETE FROM MATRIXH WHERE AL_ID=257
DELETE FROM MATRIXH WHERE AL_ID=258
DELETE FROM MATRIXH WHERE AL_ID=259
DELETE FROM MATRIXH WHERE AL_ID=260
DELETE FROM MATRIXH WHERE AL_ID=261
DELETE FROM MATRIXH WHERE AL_ID=262
DELETE FROM MATRIXH WHERE AL_ID=263
DELETE FROM MATRIXH WHERE AL_ID=264
DELETE FROM MATRIXH WHERE AL_ID=265
DELETE FROM MATRIXH WHERE AL_ID=266
DELETE FROM MATRIXH WHERE AL_ID=267
DELETE FROM MATRIXH WHERE AL_ID=268
DELETE FROM MATRIXH WHERE AL_ID=269
DELETE FROM MATRIXH WHERE AL_ID=270
DELETE FROM MATRIXH WHERE AL_ID=271
DELETE FROM MATRIXH WHERE AL_ID=272
DELETE FROM MATRIXH WHERE AL_ID=273
DELETE FROM MATRIXH WHERE AL_ID=274
DELETE FROM MATRIXH WHERE AL_ID=275
DELETE FROM MATRIXH WHERE AL_ID=276
DELETE FROM MATRIXH WHERE AL_ID=277
DELETE FROM MATRIXH WHERE AL_ID=278
DELETE FROM MATRIXH WHERE AL_ID=279
DELETE FROM MATRIXH WHERE AL_ID=280
DELETE FROM MATRIXH WHERE AL_ID=281
DELETE FROM MATRIXH WHERE AL_ID=282
DELETE FROM MATRIXH WHERE AL_ID=283
DELETE FROM MATRIXH WHERE AL_ID=284
DELETE FROM MATRIXH WHERE AL_ID=285
DELETE FROM MATRIXH WHERE AL_ID=286
DELETE FROM MATRIXH WHERE AL_ID=287
DELETE FROM MATRIXH WHERE AL_ID=288
DELETE FROM MATRIXH WHERE AL_ID=289
DELETE FROM MATRIXH WHERE AL_ID=290
DELETE FROM MATRIXH WHERE AL_ID=291
DELETE FROM MATRIXH WHERE AL_ID=292
DELETE FROM MATRIXH WHERE AL_ID=293
DELETE FROM MATRIXH WHERE AL_ID=294
DELETE FROM MATRIXH WHERE AL_ID=295
DELETE FROM MATRIXH WHERE AL_ID=296
DELETE FROM MATRIXH WHERE AL_ID=297
DELETE FROM MATRIXH WHERE AL_ID=298
DELETE FROM MATRIXH WHERE AL_ID=299
DELETE FROM MATRIXH WHERE AL_ID=300
DELETE FROM MATRIXH WHERE AL_ID=301
DELETE FROM MATRIXH WHERE AL_ID=302
DELETE FROM MATRIXH WHERE AL_ID=303
DELETE FROM MATRIXH WHERE AL_ID=304
DELETE FROM MATRIXH WHERE AL_ID=305
DELETE FROM MATRIXH WHERE AL_ID=306
DELETE FROM MATRIXH WHERE AL_ID=307
DELETE FROM MATRIXH WHERE AL_ID=308
DELETE FROM MATRIXH WHERE AL_ID=309
DELETE FROM MATRIXH WHERE AL_ID=310
DELETE FROM MATRIXH WHERE AL_ID=311
DELETE FROM MATRIXH WHERE AL_ID=312
DELETE FROM MATRIXH WHERE AL_ID=313
DELETE FROM MATRIXH WHERE AL_ID=314
DELETE FROM MATRIXH WHERE AL_ID=315
DELETE FROM MATRIXH WHERE AL_ID=316
DELETE FROM MATRIXH WHERE AL_ID=317
DELETE FROM MATRIXH WHERE AL_ID=318
DELETE FROM MATRIXH WHERE AL_ID=319
DELETE FROM MATRIXH WHERE AL_ID=320
DELETE FROM MATRIXH WHERE AL_ID=321
DELETE FROM MATRIXH WHERE AL_ID=322
DELETE FROM MATRIXH WHERE AL_ID=323
DELETE FROM MATRIXH WHERE AL_ID=324
DELETE FROM MATRIXH WHERE AL_ID=325
DELETE FROM MATRIXH WHERE AL_ID=326
DELETE FROM MATRIXH WHERE AL_ID=327
DELETE FROM MATRIXH WHERE AL_ID=328
DELETE FROM MATRIXH WHERE AL_ID=329
DELETE FROM MATRIXH WHERE AL_ID=330
DELETE FROM MATRIXH WHERE AL_ID=331
DELETE FROM MATRIXH WHERE AL_ID=332
DELETE FROM MATRIXH WHERE AL_ID=333
DELETE FROM MATRIXH WHERE AL_ID=334
DELETE FROM MATRIXH WHERE AL_ID=335
DELETE FROM MATRIXH WHERE AL_ID=336
DELETE FROM MATRIXH WHERE AL_ID=337
DELETE FROM MATRIXH WHERE AL_ID=338
DELETE FROM MATRIXH WHERE AL_ID=339
DELETE FROM MATRIXH WHERE AL_ID=340
DELETE FROM MATRIXH WHERE AL_ID=341
DELETE FROM MATRIXH WHERE AL_ID=342
INSERT INTO MATRIXH VALUES(0,1.0E0,1.0E0,1.0E0,0.0E0)
INSERT INTO MATRIXH VALUES(1,2.0E0,1.0E0,1.0E0,0.0E0)
INSERT INTO MATRIXH VALUES(2,3.0E0,1.0E0,1.0E0,0.0E0)
INSERT INTO MATRIXH VALUES(3,4.0E0,1.0E0,1.0E0,0.0E0)
INSERT INTO MATRIXH VALUES(4,5.0E0,1.0E0,1.0E0,0.0E0)
INSERT INTO MATRIXH VALUES(5,6.0E0,1.0E0,1.0E0,0.0E0)
INSERT INTO MATRIXH VALUES(6,7.0E0,1.0E0,1.0E0,0.0E0)
INSERT INTO MATRIXH VALUES(7,1.0E0,2.0E0,1.0E0,0.0E0)
INSERT INTO MATRIXH VALUES(8,2.0E0,2.0E0,1.0E0,0.0E0)
INSERT INTO MATRIXH VALUES(9,3.0E0,2.0E0,1.0E0,0.0E0)
INSERT INTO MATRIXH VALUES(10,4.0E0,2.0E0,1.0E0,0.0E0)
INSERT INTO MATRIXH VALUES(11,5.0E0,2.0E0,1.0E0,0.0E0)
INSERT INTO MATRIXH VALUES(12,6.0E0,2.0E0,1.0E0,0.0E0)
INSERT INTO MATRIXH VALUES(13,7.0E0,2.0E0,1.0E0,0.0E0)
INSERT INTO MATRIXH VALUES(14,1.0E0,3.0E0,1.0E0,0.0E0)
INSERT INTO MATRIXH VALUES(15,2.0E0,3.0E0,1.0E0,0.0E0)
INSERT INTO MATRIXH VALUES(16,3.0E0,3.0E0,1.0E0,0.0E0)
INSERT INTO MATRIXH VALUES(17,4.0E0,3.0E0,1.0E0,0.0E0)
INSERT INTO MATRIXH VALUES(18,5.0E0,3.0E0,1.0E0,0.0E0)
INSERT INTO MATRIXH VALUES(19,6.0E0,3.0E0,1.0E0,0.0E0)
INSERT INTO MATRIXH VALUES(20,7.0E0,3.0E0,1.0E0,0.0E0)
INSERT INTO MATRIXH VALUES(21,1.0E0,4.0E0,1.0E0,0.0E0)
INSERT INTO MATRIXH VALUES(22,2.0E0,4.0E0,1.0E0,0.0E0)
INSERT INTO MATRIXH VALUES(23,3.0E0,4.0E0,1.0E0,0.0E0)
INSERT INTO MATRIXH VALUES(24,4.0E0,4.0E0,1.0E0,0.0E0)
INSERT INTO MATRIXH VALUES(25,5.0E0,4.0E0,1.0E0,0.0E0)
INSERT INTO MATRIXH VALUES(26,6.0E0,4.0E0,1.0E0,0.0E0)
INSERT INTO MATRIXH VALUES(27,7.0E0,4.0E0,1.0E0,0.0E0)
INSERT INTO MATRIXH VALUES(28,1.0E0,5.0E0,1.0E0,0.0E0)
INSERT INTO MATRIXH VALUES(29,2.0E0,5.0E0,1.0E0,0.0E0)
INSERT INTO MATRIXH VALUES(30,3.0E0,5.0E0,1.0E0,0.0E0)
INSERT INTO MATRIXH VALUES(31,4.0E0,5.0E0,1.0E0,0.0E0)
INSERT INTO MATRIXH VALUES(32,5.0E0,5.0E0,1.0E0,0.0E0)
INSERT INTO MATRIXH VALUES(33,6.0E0,5.0E0,1.0E0,0.0E0)
INSERT INTO MATRIXH VALUES(34,7.0E0,5.0E0,1.0E0,0.0E0)
INSERT INTO MATRIXH VALUES(35,1.0E0,6.0E0,1.0E0,0.0E0)
INSERT INTO MATRIXH VALUES(36,2.0E0,6.0E0,1.0E0,0.0E0)
INSERT INTO MATRIXH VALUES(37,3.0E0,6.0E0,1.0E0,0.0E0)
INSERT INTO MATRIXH VALUES(38,4.0E0,6.0E0,1.0E0,0.0E0)
INSERT INTO MATRIXH VALUES(39,5.0E0,6.0E0,1.0E0,0.0E0)
INSERT INTO MATRIXH VALUES(40,6.0E0,6.0E0,1.0E0,0.0E0)
INSERT INTO MATRIXH VALUES(41,7.0E0,6.0E0,1.0E0,0.0E0)
INSERT INTO MATRIXH VALUES(42,1.0E0,7.0E0,1.0E0,0.0E0)
INSERT INTO MATRIXH VALUES(43,2.0E0,7.0E0,1.0E0,0.0E0)
INSERT INTO MATRIXH VALUES(44,3.0E0,7.0E0,1.0E0,0.0E0)
INSERT INTO MATRIXH VALUES(45,4.0E0,7.0E0,1.0E0,0.0E0)
INSERT INTO MATRIXH VALUES(46,5.0E0,7.0E0,1.0E0,0.0E0)
INSERT INTO MATRIXH VALUES(47,6.0E0,7.0E0,1.0E0,0.0E0)
INSERT INTO MATRIXH VALUES(48,7.0E0,7.0E0,1.0E0,0.0E0)
INSERT INTO MATRIXH VALUES(49,1.0E0,1.0E0,2.0E0,0.0E0)
INSERT INTO MATRIXH VALUES(50,2.0E0,1.0E0,2.0E0,0.0E0)
INSERT INTO MATRIXH VALUES(51,3.0E0,1.0E0,2.0E0,0.0E0)
INSERT INTO MATRIXH VALUES(52,4.0E0,1.0E0,2.0E0,0.0E0)
INSERT INTO MATRIXH VALUES(53,5.0E0,1.0E0,2.0E0,0.0E0)
INSERT INTO MATRIXH VALUES(54,6.0E0,1.0E0,2.0E0,0.0E0)
INSERT INTO MATRIXH VALUES(55,7.0E0,1.0E0,2.0E0,0.0E0)
INSERT INTO MATRIXH VALUES(56,1.0E0,2.0E0,2.0E0,0.0E0)
INSERT INTO MATRIXH VALUES(57,2.0E0,2.0E0,2.0E0,0.0E0)
INSERT INTO MATRIXH VALUES(58,3.0E0,2.0E0,2.0E0,0.0E0)
INSERT INTO MATRIXH VALUES(59,4.0E0,2.0E0,2.0E0,0.0E0)
INSERT INTO MATRIXH VALUES(60,5.0E0,2.0E0,2.0E0,0.0E0)
INSERT INTO MATRIXH VALUES(61,6.0E0,2.0E0,2.0E0,0.0E0)
INSERT INTO MATRIXH VALUES(62,7.0E0,2.0E0,2.0E0,0.0E0)
INSERT INTO MATRIXH VALUES(63,1.0E0,3.0E0,2.0E0,0.0E0)
INSERT INTO MATRIXH VALUES(64,2.0E0,3.0E0,2.0E0,0.0E0)
INSERT INTO MATRIXH VALUES(65,3.0E0,3.0E0,2.0E0,0.0E0)
INSERT INTO MATRIXH VALUES(66,4.0E0,3.0E0,2.0E0,0.0E0)
INSERT INTO MATRIXH VALUES(67,5.0E0,3.0E0,2.0E0,0.0E0)
INSERT INTO MATRIXH VALUES(68,6.0E0,3.0E0,2.0E0,0.0E0)
INSERT INTO MATRIXH VALUES(69,7.0E0,3.0E0,2.0E0,0.0E0)
INSERT INTO MATRIXH VALUES(70,1.0E0,4.0E0,2.0E0,0.0E0)
INSERT INTO MATRIXH VALUES(71,2.0E0,4.0E0,2.0E0,0.0E0)
INSERT INTO MATRIXH VALUES(72,3.0E0,4.0E0,2.0E0,0.0E0)
INSERT INTO MATRIXH VALUES(73,4.0E0,4.0E0,2.0E0,0.0E0)
INSERT INTO MATRIXH VALUES(74,5.0E0,4.0E0,2.0E0,0.0E0)
INSERT INTO MATRIXH VALUES(75,6.0E0,4.0E0,2.0E0,0.0E0)
INSERT INTO MATRIXH VALUES(76,7.0E0,4.0E0,2.0E0,0.0E0)
INSERT INTO MATRIXH VALUES(77,1.0E0,5.0E0,2.0E0,0.0E0)
INSERT INTO MATRIXH VALUES(78,2.0E0,5.0E0,2.0E0,0.0E0)
INSERT INTO MATRIXH VALUES(79,3.0E0,5.0E0,2.0E0,0.0E0)
INSERT INTO MATRIXH VALUES(80,4.0E0,5.0E0,2.0E0,0.0E0)
INSERT INTO MATRIXH VALUES(81,5.0E0,5.0E0,2.0E0,0.0E0)
INSERT INTO MATRIXH VALUES(82,6.0E0,5.0E0,2.0E0,0.0E0)
INSERT INTO MATRIXH VALUES(83,7.0E0,5.0E0,2.0E0,0.0E0)
INSERT INTO MATRIXH VALUES(84,1.0E0,6.0E0,2.0E0,0.0E0)
INSERT INTO MATRIXH VALUES(85,2.0E0,6.0E0,2.0E0,0.0E0)
INSERT INTO MATRIXH VALUES(86,3.0E0,6.0E0,2.0E0,0.0E0)
INSERT INTO MATRIXH VALUES(87,4.0E0,6.0E0,2.0E0,0.0E0)
INSERT INTO MATRIXH VALUES(88,5.0E0,6.0E0,2.0E0,0.0E0)
INSERT INTO MATRIXH VALUES(89,6.0E0,6.0E0,2.0E0,0.0E0)
INSERT INTO MATRIXH VALUES(90,7.0E0,6.0E0,2.0E0,0.0E0)
INSERT INTO MATRIXH VALUES(91,1.0E0,7.0E0,2.0E0,0.0E0)
INSERT INTO MATRIXH VALUES(92,2.0E0,7.0E0,2.0E0,0.0E0)
INSERT INTO MATRIXH VALUES(93,3.0E0,7.0E0,2.0E0,0.0E0)
INSERT INTO MATRIXH VALUES(94,4.0E0,7.0E0,2.0E0,0.0E0)
INSERT INTO MATRIXH VALUES(95,5.0E0,7.0E0,2.0E0,0.0E0)
INSERT INTO MATRIXH VALUES(96,6.0E0,7.0E0,2.0E0,0.0E0)
INSERT INTO MATRIXH VALUES(97,7.0E0,7.0E0,2.0E0,0.0E0)
INSERT INTO MATRIXH VALUES(98,1.0E0,1.0E0,3.0E0,0.0E0)
INSERT INTO MATRIXH VALUES(99,2.0E0,1.0E0,3.0E0,0.0E0)
INSERT INTO MATRIXH VALUES(100,3.0E0,1.0E0,3.0E0,0.0E0)
INSERT INTO MATRIXH VALUES(101,4.0E0,1.0E0,3.0E0,0.0E0)
INSERT INTO MATRIXH VALUES(102,5.0E0,1.0E0,3.0E0,0.0E0)
INSERT INTO MATRIXH VALUES(103,6.0E0,1.0E0,3.0E0,0.0E0)
INSERT INTO MATRIXH VALUES(104,7.0E0,1.0E0,3.0E0,0.0E0)
INSERT INTO MATRIXH VALUES(105,1.0E0,2.0E0,3.0E0,0.0E0)
INSERT INTO MATRIXH VALUES(106,2.0E0,2.0E0,3.0E0,0.0E0)
INSERT INTO MATRIXH VALUES(107,3.0E0,2.0E0,3.0E0,0.0E0)
INSERT INTO MATRIXH VALUES(108,4.0E0,2.0E0,3.0E0,0.0E0)
INSERT INTO MATRIXH VALUES(109,5.0E0,2.0E0,3.0E0,0.0E0)
INSERT INTO MATRIXH VALUES(110,6.0E0,2.0E0,3.0E0,0.0E0)
INSERT INTO MATRIXH VALUES(111,7.0E0,2.0E0,3.0E0,0.0E0)
INSERT INTO MATRIXH VALUES(112,1.0E0,3.0E0,3.0E0,0.0E0)
INSERT INTO MATRIXH VALUES(113,2.0E0,3.0E0,3.0E0,0.0E0)
INSERT INTO MATRIXH VALUES(114,3.0E0,3.0E0,3.0E0,0.0E0)
INSERT INTO MATRIXH VALUES(115,4.0E0,3.0E0,3.0E0,0.0E0)
INSERT INTO MATRIXH VALUES(116,5.0E0,3.0E0,3.0E0,0.0E0)
INSERT INTO MATRIXH VALUES(117,6.0E0,3.0E0,3.0E0,0.0E0)
INSERT INTO MATRIXH VALUES(118,7.0E0,3.0E0,3.0E0,0.0E0)
INSERT INTO MATRIXH VALUES(119,1.0E0,4.0E0,3.0E0,0.0E0)
INSERT INTO MATRIXH VALUES(120,2.0E0,4.0E0,3.0E0,0.0E0)
INSERT INTO MATRIXH VALUES(121,3.0E0,4.0E0,3.0E0,0.0E0)
INSERT INTO MATRIXH VALUES(122,4.0E0,4.0E0,3.0E0,0.0E0)
INSERT INTO MATRIXH VALUES(123,5.0E0,4.0E0,3.0E0,0.0E0)
INSERT INTO MATRIXH VALUES(124,6.0E0,4.0E0,3.0E0,0.0E0)
INSERT INTO MATRIXH VALUES(125,7.0E0,4.0E0,3.0E0,0.0E0)
INSERT INTO MATRIXH VALUES(126,1.0E0,5.0E0,3.0E0,0.0E0)
INSERT INTO MATRIXH VALUES(127,2.0E0,5.0E0,3.0E0,0.0E0)
INSERT INTO MATRIXH VALUES(128,3.0E0,5.0E0,3.0E0,0.0E0)
INSERT INTO MATRIXH VALUES(129,4.0E0,5.0E0,3.0E0,0.0E0)
INSERT INTO MATRIXH VALUES(130,5.0E0,5.0E0,3.0E0,0.0E0)
INSERT INTO MATRIXH VALUES(131,6.0E0,5.0E0,3.0E0,0.0E0)
INSERT INTO MATRIXH VALUES(132,7.0E0,5.0E0,3.0E0,0.0E0)
INSERT INTO MATRIXH VALUES(133,1.0E0,6.0E0,3.0E0,0.0E0)
INSERT INTO MATRIXH VALUES(134,2.0E0,6.0E0,3.0E0,0.0E0)
INSERT INTO MATRIXH VALUES(135,3.0E0,6.0E0,3.0E0,0.0E0)
INSERT INTO MATRIXH VALUES(136,4.0E0,6.0E0,3.0E0,0.0E0)
INSERT INTO MATRIXH VALUES(137,5.0E0,6.0E0,3.0E0,0.0E0)
INSERT INTO MATRIXH VALUES(138,6.0E0,6.0E0,3.0E0,0.0E0)
INSERT INTO MATRIXH VALUES(139,7.0E0,6.0E0,3.0E0,0.0E0)
INSERT INTO MATRIXH VALUES(140,1.0E0,7.0E0,3.0E0,0.0E0)
INSERT INTO MATRIXH VALUES(141,2.0E0,7.0E0,3.0E0,0.0E0)
INSERT INTO MATRIXH VALUES(142,3.0E0,7.0E0,3.0E0,0.0E0)
INSERT INTO MATRIXH VALUES(143,4.0E0,7.0E0,3.0E0,0.0E0)
INSERT INTO MATRIXH VALUES(144,5.0E0,7.0E0,3.0E0,0.0E0)
INSERT INTO MATRIXH VALUES(145,6.0E0,7.0E0,3.0E0,0.0E0)
INSERT INTO MATRIXH VALUES(146,7.0E0,7.0E0,3.0E0,0.0E0)
INSERT INTO MATRIXH VALUES(147,1.0E0,1.0E0,4.0E0,0.0E0)
INSERT INTO MATRIXH VALUES(148,2.0E0,1.0E0,4.0E0,0.0E0)
INSERT INTO MATRIXH VALUES(149,3.0E0,1.0E0,4.0E0,0.0E0)
INSERT INTO MATRIXH VALUES(150,4.0E0,1.0E0,4.0E0,0.0E0)
INSERT INTO MATRIXH VALUES(151,5.0E0,1.0E0,4.0E0,0.0E0)
INSERT INTO MATRIXH VALUES(152,6.0E0,1.0E0,4.0E0,0.0E0)
INSERT INTO MATRIXH VALUES(153,7.0E0,1.0E0,4.0E0,0.0E0)
INSERT INTO MATRIXH VALUES(154,1.0E0,2.0E0,4.0E0,0.0E0)
INSERT INTO MATRIXH VALUES(155,2.0E0,2.0E0,4.0E0,0.0E0)
INSERT INTO MATRIXH VALUES(156,3.0E0,2.0E0,4.0E0,0.0E0)
INSERT INTO MATRIXH VALUES(157,4.0E0,2.0E0,4.0E0,0.0E0)
INSERT INTO MATRIXH VALUES(158,5.0E0,2.0E0,4.0E0,0.0E0)
INSERT INTO MATRIXH VALUES(159,6.0E0,2.0E0,4.0E0,0.0E0)
INSERT INTO MATRIXH VALUES(160,7.0E0,2.0E0,4.0E0,0.0E0)
INSERT INTO MATRIXH VALUES(161,1.0E0,3.0E0,4.0E0,0.0E0)
INSERT INTO MATRIXH VALUES(162,2.0E0,3.0E0,4.0E0,0.0E0)
INSERT INTO MATRIXH VALUES(163,3.0E0,3.0E0,4.0E0,0.0E0)
INSERT INTO MATRIXH VALUES(164,4.0E0,3.0E0,4.0E0,0.0E0)
INSERT INTO MATRIXH VALUES(165,5.0E0,3.0E0,4.0E0,0.0E0)
INSERT INTO MATRIXH VALUES(166,6.0E0,3.0E0,4.0E0,0.0E0)
INSERT INTO MATRIXH VALUES(167,7.0E0,3.0E0,4.0E0,0.0E0)
INSERT INTO MATRIXH VALUES(168,1.0E0,4.0E0,4.0E0,0.0E0)
INSERT INTO MATRIXH VALUES(169,2.0E0,4.0E0,4.0E0,0.0E0)
INSERT INTO MATRIXH VALUES(170,3.0E0,4.0E0,4.0E0,0.0E0)
INSERT INTO MATRIXH VALUES(171,4.0E0,4.0E0,4.0E0,0.0E0)
INSERT INTO MATRIXH VALUES(172,5.0E0,4.0E0,4.0E0,0.0E0)
INSERT INTO MATRIXH VALUES(173,6.0E0,4.0E0,4.0E0,0.0E0)
INSERT INTO MATRIXH VALUES(174,7.0E0,4.0E0,4.0E0,0.0E0)
INSERT INTO MATRIXH VALUES(175,1.0E0,5.0E0,4.0E0,0.0E0)
INSERT INTO MATRIXH VALUES(176,2.0E0,5.0E0,4.0E0,0.0E0)
INSERT INTO MATRIXH VALUES(177,3.0E0,5.0E0,4.0E0,0.0E0)
INSERT INTO MATRIXH VALUES(178,4.0E0,5.0E0,4.0E0,0.0E0)
INSERT INTO MATRIXH VALUES(179,5.0E0,5.0E0,4.0E0,0.0E0)
INSERT INTO MATRIXH VALUES(180,6.0E0,5.0E0,4.0E0,0.0E0)
INSERT INTO MATRIXH VALUES(181,7.0E0,5.0E0,4.0E0,0.0E0)
INSERT INTO MATRIXH VALUES(182,1.0E0,6.0E0,4.0E0,0.0E0)
INSERT INTO MATRIXH VALUES(183,2.0E0,6.0E0,4.0E0,0.0E0)
INSERT INTO MATRIXH VALUES(184,3.0E0,6.0E0,4.0E0,0.0E0)
INSERT INTO MATRIXH VALUES(185,4.0E0,6.0E0,4.0E0,0.0E0)
INSERT INTO MATRIXH VALUES(186,5.0E0,6.0E0,4.0E0,0.0E0)
INSERT INTO MATRIXH VALUES(187,6.0E0,6.0E0,4.0E0,0.0E0)
INSERT INTO MATRIXH VALUES(188,7.0E0,6.0E0,4.0E0,0.0E0)
INSERT INTO MATRIXH VALUES(189,1.0E0,7.0E0,4.0E0,0.0E0)
INSERT INTO MATRIXH VALUES(190,2.0E0,7.0E0,4.0E0,0.0E0)
INSERT INTO MATRIXH VALUES(191,3.0E0,7.0E0,4.0E0,0.0E0)
INSERT INTO MATRIXH VALUES(192,4.0E0,7.0E0,4.0E0,0.0E0)
INSERT INTO MATRIXH VALUES(193,5.0E0,7.0E0,4.0E0,0.0E0)
INSERT INTO MATRIXH VALUES(194,6.0E0,7.0E0,4.0E0,0.0E0)
INSERT INTO MATRIXH VALUES(195,7.0E0,7.0E0,4.0E0,0.0E0)
INSERT INTO MATRIXH VALUES(196,1.0E0,1.0E0,5.0E0,0.0E0)
INSERT INTO MATRIXH VALUES(197,2.0E0,1.0E0,5.0E0,0.0E0)
INSERT INTO MATRIXH VALUES(198,3.0E0,1.0E0,5.0E0,0.0E0)
INSERT INTO MATRIXH VALUES(199,4.0E0,1.0E0,5.0E0,0.0E0)
INSERT INTO MATRIXH VALUES(200,5.0E0,1.0E0,5.0E0,0.0E0)
INSERT INTO MATRIXH VALUES(201,6.0E0,1.0E0,5.0E0,0.0E0)
INSERT INTO MATRIXH VALUES(202,7.0E0,1.0E0,5.0E0,0.0E0)
INSERT INTO MATRIXH VALUES(203,1.0E0,2.0E0,5.0E0,0.0E0)
INSERT INTO MATRIXH VALUES(204,2.0E0,2.0E0,5.0E0,0.0E0)
INSERT INTO MATRIXH VALUES(205,3.0E0,2.0E0,5.0E0,0.0E0)
INSERT INTO MATRIXH VALUES(206,4.0E0,2.0E0,5.0E0,0.0E0)
INSERT INTO MATRIXH VALUES(207,5.0E0,2.0E0,5.0E0,0.0E0)
INSERT INTO MATRIXH VALUES(208,6.0E0,2.0E0,5.0E0,0.0E0)
INSERT INTO MATRIXH VALUES(209,7.0E0,2.0E0,5.0E0,0.0E0)
INSERT INTO MATRIXH VALUES(210,1.0E0,3.0E0,5.0E0,0.0E0)
INSERT INTO MATRIXH VALUES(211,2.0E0,3.0E0,5.0E0,0.0E0)
INSERT INTO MATRIXH VALUES(212,3.0E0,3.0E0,5.0E0,0.0E0)
INSERT INTO MATRIXH VALUES(213,4.0E0,3.0E0,5.0E0,0.0E0)
INSERT INTO MATRIXH VALUES(214,5.0E0,3.0E0,5.0E0,0.0E0)
INSERT INTO MATRIXH VALUES(215,6.0E0,3.0E0,5.0E0,0.0E0)
INSERT INTO MATRIXH VALUES(216,7.0E0,3.0E0,5.0E0,0.0E0)
INSERT INTO MATRIXH VALUES(217,1.0E0,4.0E0,5.0E0,0.0E0)
INSERT INTO MATRIXH VALUES(218,2.0E0,4.0E0,5.0E0,0.0E0)
INSERT INTO MATRIXH VALUES(219,3.0E0,4.0E0,5.0E0,0.0E0)
INSERT INTO MATRIXH VALUES(220,4.0E0,4.0E0,5.0E0,0.0E0)
INSERT INTO MATRIXH VALUES(221,5.0E0,4.0E0,5.0E0,0.0E0)
INSERT INTO MATRIXH VALUES(222,6.0E0,4.0E0,5.0E0,0.0E0)
INSERT INTO MATRIXH VALUES(223,7.0E0,4.0E0,5.0E0,0.0E0)
INSERT INTO MATRIXH VALUES(224,1.0E0,5.0E0,5.0E0,0.0E0)
INSERT INTO MATRIXH VALUES(225,2.0E0,5.0E0,5.0E0,0.0E0)
INSERT INTO MATRIXH VALUES(226,3.0E0,5.0E0,5.0E0,0.0E0)
INSERT INTO MATRIXH VALUES(227,4.0E0,5.0E0,5.0E0,0.0E0)
INSERT INTO MATRIXH VALUES(228,5.0E0,5.0E0,5.0E0,0.0E0)
INSERT INTO MATRIXH VALUES(229,6.0E0,5.0E0,5.0E0,0.0E0)
INSERT INTO MATRIXH VALUES(230,7.0E0,5.0E0,5.0E0,0.0E0)
INSERT INTO MATRIXH VALUES(231,1.0E0,6.0E0,5.0E0,0.0E0)
INSERT INTO MATRIXH VALUES(232,2.0E0,6.0E0,5.0E0,0.0E0)
INSERT INTO MATRIXH VALUES(233,3.0E0,6.0E0,5.0E0,0.0E0)
INSERT INTO MATRIXH VALUES(234,4.0E0,6.0E0,5.0E0,0.0E0)
INSERT INTO MATRIXH VALUES(235,5.0E0,6.0E0,5.0E0,0.0E0)
INSERT INTO MATRIXH VALUES(236,6.0E0,6.0E0,5.0E0,0.0E0)
INSERT INTO MATRIXH VALUES(237,7.0E0,6.0E0,5.0E0,0.0E0)
INSERT INTO MATRIXH VALUES(238,1.0E0,7.0E0,5.0E0,0.0E0)
INSERT INTO MATRIXH VALUES(239,2.0E0,7.0E0,5.0E0,0.0E0)
INSERT INTO MATRIXH VALUES(240,3.0E0,7.0E0,5.0E0,0.0E0)
INSERT INTO MATRIXH VALUES(241,4.0E0,7.0E0,5.0E0,0.0E0)
INSERT INTO MATRIXH VALUES(242,5.0E0,7.0E0,5.0E0,0.0E0)
INSERT INTO MATRIXH VALUES(243,6.0E0,7.0E0,5.0E0,0.0E0)
INSERT INTO MATRIXH VALUES(244,7.0E0,7.0E0,5.0E0,0.0E0)
INSERT INTO MATRIXH VALUES(245,1.0E0,1.0E0,6.0E0,0.0E0)
INSERT INTO MATRIXH VALUES(246,2.0E0,1.0E0,6.0E0,0.0E0)
INSERT INTO MATRIXH VALUES(247,3.0E0,1.0E0,6.0E0,0.0E0)
INSERT INTO MATRIXH VALUES(248,4.0E0,1.0E0,6.0E0,0.0E0)
INSERT INTO MATRIXH VALUES(249,5.0E0,1.0E0,6.0E0,0.0E0)
INSERT INTO MATRIXH VALUES(250,6.0E0,1.0E0,6.0E0,0.0E0)
INSERT INTO MATRIXH VALUES(251,7.0E0,1.0E0,6.0E0,0.0E0)
INSERT INTO MATRIXH VALUES(252,1.0E0,2.0E0,6.0E0,0.0E0)
INSERT INTO MATRIXH VALUES(253,2.0E0,2.0E0,6.0E0,0.0E0)
INSERT INTO MATRIXH VALUES(254,3.0E0,2.0E0,6.0E0,0.0E0)
INSERT INTO MATRIXH VALUES(255,4.0E0,2.0E0,6.0E0,0.0E0)
INSERT INTO MATRIXH VALUES(256,5.0E0,2.0E0,6.0E0,0.0E0)
INSERT INTO MATRIXH VALUES(257,6.0E0,2.0E0,6.0E0,0.0E0)
INSERT INTO MATRIXH VALUES(258,7.0E0,2.0E0,6.0E0,0.0E0)
INSERT INTO MATRIXH VALUES(259,1.0E0,3.0E0,6.0E0,0.0E0)
INSERT INTO MATRIXH VALUES(260,2.0E0,3.0E0,6.0E0,0.0E0)
INSERT INTO MATRIXH VALUES(261,3.0E0,3.0E0,6.0E0,0.0E0)
INSERT INTO MATRIXH VALUES(262,4.0E0,3.0E0,6.0E0,0.0E0)
INSERT INTO MATRIXH VALUES(263,5.0E0,3.0E0,6.0E0,0.0E0)
INSERT INTO MATRIXH VALUES(264,6.0E0,3.0E0,6.0E0,0.0E0)
INSERT INTO MATRIXH VALUES(265,7.0E0,3.0E0,6.0E0,0.0E0)
INSERT INTO MATRIXH VALUES(266,1.0E0,4.0E0,6.0E0,0.0E0)
INSERT INTO MATRIXH VALUES(267,2.0E0,4.0E0,6.0E0,0.0E0)
INSERT INTO MATRIXH VALUES(268,3.0E0,4.0E0,6.0E0,0.0E0)
INSERT INTO MATRIXH VALUES(269,4.0E0,4.0E0,6.0E0,0.0E0)
INSERT INTO MATRIXH VALUES(270,5.0E0,4.0E0,6.0E0,0.0E0)
INSERT INTO MATRIXH VALUES(271,6.0E0,4.0E0,6.0E0,0.0E0)
INSERT INTO MATRIXH VALUES(272,7.0E0,4.0E0,6.0E0,0.0E0)
INSERT INTO MATRIXH VALUES(273,1.0E0,5.0E0,6.0E0,0.0E0)
INSERT INTO MATRIXH VALUES(274,2.0E0,5.0E0,6.0E0,0.0E0)
INSERT INTO MATRIXH VALUES(275,3.0E0,5.0E0,6.0E0,0.0E0)
INSERT INTO MATRIXH VALUES(276,4.0E0,5.0E0,6.0E0,0.0E0)
INSERT INTO MATRIXH VALUES(277,5.0E0,5.0E0,6.0E0,0.0E0)
INSERT INTO MATRIXH VALUES(278,6.0E0,5.0E0,6.0E0,0.0E0)
INSERT INTO MATRIXH VALUES(279,7.0E0,5.0E0,6.0E0,0.0E0)
INSERT INTO MATRIXH VALUES(280,1.0E0,6.0E0,6.0E0,0.0E0)
INSERT INTO MATRIXH VALUES(281,2.0E0,6.0E0,6.0E0,0.0E0)
INSERT INTO MATRIXH VALUES(282,3.0E0,6.0E0,6.0E0,0.0E0)
INSERT INTO MATRIXH VALUES(283,4.0E0,6.0E0,6.0E0,0.0E0)
INSERT INTO MATRIXH VALUES(284,5.0E0,6.0E0,6.0E0,0.0E0)
INSERT INTO MATRIXH VALUES(285,6.0E0,6.0E0,6.0E0,0.0E0)
INSERT INTO MATRIXH VALUES(286,7.0E0,6.0E0,6.0E0,0.0E0)
INSERT INTO MATRIXH VALUES(287,1.0E0,7.0E0,6.0E0,0.0E0)
INSERT INTO MATRIXH VALUES(288,2.0E0,7.0E0,6.0E0,0.0E0)
INSERT INTO MATRIXH VALUES(289,3.0E0,7.0E0,6.0E0,0.0E0)
INSERT INTO MATRIXH VALUES(290,4.0E0,7.0E0,6.0E0,0.0E0)
INSERT INTO MATRIXH VALUES(291,5.0E0,7.0E0,6.0E0,0.0E0)
INSERT INTO MATRIXH VALUES(292,6.0E0,7.0E0,6.0E0,0.0E0)
INSERT INTO MATRIXH VALUES(293,7.0E0,7.0E0,6.0E0,0.0E0)
INSERT INTO MATRIXH VALUES(294,1.0E0,1.0E0,7.0E0,0.0E0)
INSERT INTO MATRIXH VALUES(295,2.0E0,1.0E0,7.0E0,0.0E0)
INSERT INTO MATRIXH VALUES(296,3.0E0,1.0E0,7.0E0,0.0E0)
INSERT INTO MATRIXH VALUES(297,4.0E0,1.0E0,7.0E0,0.0E0)
INSERT INTO MATRIXH VALUES(298,5.0E0,1.0E0,7.0E0,0.0E0)
INSERT INTO MATRIXH VALUES(299,6.0E0,1.0E0,7.0E0,0.0E0)
INSERT INTO MATRIXH VALUES(300,7.0E0,1.0E0,7.0E0,0.0E0)
INSERT INTO MATRIXH VALUES(301,1.0E0,2.0E0,7.0E0,0.0E0)
INSERT INTO MATRIXH VALUES(302,2.0E0,2.0E0,7.0E0,0.0E0)
INSERT INTO MATRIXH VALUES(303,3.0E0,2.0E0,7.0E0,0.0E0)
INSERT INTO MATRIXH VALUES(304,4.0E0,2.0E0,7.0E0,0.0E0)
INSERT INTO MATRIXH VALUES(305,5.0E0,2.0E0,7.0E0,0.0E0)
INSERT INTO MATRIXH VALUES(306,6.0E0,2.0E0,7.0E0,0.0E0)
INSERT INTO MATRIXH VALUES(307,7.0E0,2.0E0,7.0E0,0.0E0)
INSERT INTO MATRIXH VALUES(308,1.0E0,3.0E0,7.0E0,0.0E0)
INSERT INTO MATRIXH VALUES(309,2.0E0,3.0E0,7.0E0,0.0E0)
INSERT INTO MATRIXH VALUES(310,3.0E0,3.0E0,7.0E0,0.0E0)
INSERT INTO MATRIXH VALUES(311,4.0E0,3.0E0,7.0E0,0.0E0)
INSERT INTO MATRIXH VALUES(312,5.0E0,3.0E0,7.0E0,0.0E0)
INSERT INTO MATRIXH VALUES(313,6.0E0,3.0E0,7.0E0,0.0E0)
INSERT INTO MATRIXH VALUES(314,7.0E0,3.0E0,7.0E0,0.0E0)
INSERT INTO MATRIXH VALUES(315,1.0E0,4.0E0,7.0E0,0.0E0)
INSERT INTO MATRIXH VALUES(316,2.0E0,4.0E0,7.0E0,0.0E0)
INSERT INTO MATRIXH VALUES(317,3.0E0,4.0E0,7.0E0,0.0E0)
INSERT INTO MATRIXH VALUES(318,4.0E0,4.0E0,7.0E0,0.0E0)
INSERT INTO MATRIXH VALUES(319,5.0E0,4.0E0,7.0E0,0.0E0)
INSERT INTO MATRIXH VALUES(320,6.0E0,4.0E0,7.0E0,0.0E0)
INSERT INTO MATRIXH VALUES(321,7.0E0,4.0E0,7.0E0,0.0E0)
INSERT INTO MATRIXH VALUES(322,1.0E0,5.0E0,7.0E0,0.0E0)
INSERT INTO MATRIXH VALUES(323,2.0E0,5.0E0,7.0E0,0.0E0)
INSERT INTO MATRIXH VALUES(324,3.0E0,5.0E0,7.0E0,0.0E0)
INSERT INTO MATRIXH VALUES(325,4.0E0,5.0E0,7.0E0,0.0E0)
INSERT INTO MATRIXH VALUES(326,5.0E0,5.0E0,7.0E0,0.0E0)
INSERT INTO MATRIXH VALUES(327,6.0E0,5.0E0,7.0E0,0.0E0)
INSERT INTO MATRIXH VALUES(328,7.0E0,5.0E0,7.0E0,0.0E0)
INSERT INTO MATRIXH VALUES(329,1.0E0,6.0E0,7.0E0,0.0E0)
INSERT INTO MATRIXH VALUES(330,2.0E0,6.0E0,7.0E0,0.0E0)
INSERT INTO MATRIXH VALUES(331,3.0E0,6.0E0,7.0E0,0.0E0)
INSERT INTO MATRIXH VALUES(332,4.0E0,6.0E0,7.0E0,0.0E0)
INSERT INTO MATRIXH VALUES(333,5.0E0,6.0E0,7.0E0,0.0E0)
INSERT INTO MATRIXH VALUES(334,6.0E0,6.0E0,7.0E0,0.0E0)
INSERT INTO MATRIXH VALUES(335,7.0E0,6.0E0,7.0E0,0.0E0)
INSERT INTO MATRIXH VALUES(336,1.0E0,7.0E0,7.0E0,0.0E0)
INSERT INTO MATRIXH VALUES(337,2.0E0,7.0E0,7.0E0,0.0E0)
INSERT INTO MATRIXH VALUES(338,3.0E0,7.0E0,7.0E0,0.0E0)
INSERT INTO MATRIXH VALUES(339,4.0E0,7.0E0,7.0E0,0.0E0)
INSERT INTO MATRIXH VALUES(340,5.0E0,7.0E0,7.0E0,0.0E0)
INSERT INTO MATRIXH VALUES(341,6.0E0,7.0E0,7.0E0,0.0E0)
INSERT INTO MATRIXH VALUES(342,7.0E0,7.0E0,7.0E0,0.0E0)
COMMIT
DELETE FROM MATRIXH WHERE AL_ID=0
DELETE FROM MATRIXH WHERE AL_ID=57
DELETE FROM MATRIXH WHERE AL_ID=114
DELETE FROM MATRIXH WHERE AL_ID=171
DELETE FROM MATRIXH WHERE AL_ID=228
DELETE FROM MATRIXH WHERE AL_ID=285
DELETE FROM MATRIXH WHERE AL_ID=342
INSERT INTO MATRIXH VALUES(0,1.0E0,1.0E0,1.0E0,0.9E0)
INSERT INTO MATRIXH VALUES(57,2.0E0,2.0E0,2.0E0,0.9E0)
INSERT INTO MATRIXH VALUES(114,3.0E0,3.0E0,3.0E0,0.9E0)
INSERT INTO MATRIXH VALUES(171,4.0E0,4.0E0,4.0E0,0.9E0)
INSERT INTO MATRIXH VALUES(228,5.0E0,5.0E0,5.0E0,0.9E0)
INSERT INTO MATRIXH VALUES(285,6.0E0,6.0E0,6.0E0,0.9E0)
INSERT INTO MATRIXH VALUES(342,7.0E0,7.0E0,7.0E0,0.9E0)
COMMIT
DELETE FROM MATRIXH WHERE AL_ID=8
DELETE FROM MATRIXH WHERE AL_ID=49
DELETE FROM MATRIXH WHERE AL_ID=65
DELETE FROM MATRIXH WHERE AL_ID=106
DELETE FROM MATRIXH WHERE AL_ID=122
DELETE FROM MATRIXH WHERE AL_ID=163
DELETE FROM MATRIXH WHERE AL_ID=179
DELETE FROM MATRIXH WHERE AL_ID=220
DELETE FROM MATRIXH WHERE AL_ID=236
DELETE FROM MATRIXH WHERE AL_ID=277
DELETE FROM MATRIXH WHERE AL_ID=293
DELETE FROM MATRIXH WHERE AL_ID=334
INSERT INTO MATRIXH VALUES(8,2.0E0,2.0E0,1.0E0,0.05E0)
INSERT INTO MATRIXH VALUES(49,1.0E0,1.0E0,2.0E0,0.05E0)
INSERT INTO MATRIXH VALUES(65,3.0E0,3.0E0,2.0E0,0.05E0)
INSERT INTO MATRIXH VALUES(106,2.0E0,2.0E0,3.0E0,0.05E0)
INSERT INTO MATRIXH VALUES(122,4.0E0,4.0E0,3.0E0,0.05E0)
INSERT INTO MATRIXH VALUES(163,3.0E0,3.0E0,4.0E0,0.05E0)
INSERT INTO MATRIXH VALUES(179,5.0E0,5.0E0,4.0E0,0.05E0)
INSERT INTO MATRIXH VALUES(220,4.0E0,4.0E0,5.0E0,0.05E0)
INSERT INTO MATRIXH VALUES(236,6.0E0,6.0E0,5.0E0,0.05E0)
INSERT INTO MATRIXH VALUES(277,5.0E0,5.0E0,6.0E0,0.05E0)
INSERT INTO MATRIXH VALUES(293,7.0E0,7.0E0,6.0E0,0.05E0)
INSERT INTO MATRIXH VALUES(334,6.0E0,6.0E0,7.0E0,0.05E0)
COMMIT
DELETE FROM MATRIXH WHERE AL_ID=91
INSERT INTO MATRIXH VALUES(91,1.0E0,7.0E0,2.0E0,0.1E0)
COMMIT
DELETE FROM MATRIXH WHERE AL_ID=251
INSERT INTO MATRIXH VALUES(251,7.0E0,1.0E0,6.0E0,0.1E0)
COMMIT
DELETE FROM MATRIXH WHERE AL_ID=1
DELETE FROM MATRIXH WHERE AL_ID=2
DELETE FROM MATRIXH WHERE AL_ID=3
DELETE FROM MATRIXH WHERE AL_ID=4
DELETE FROM MATRIXH WHERE AL_ID=5
DELETE FROM MATRIXH WHERE AL_ID=6
DELETE FROM MATRIXH WHERE AL_ID=7
DELETE FROM MATRIXH WHERE AL_ID=14
DELETE FROM MATRIXH WHERE AL_ID=21
DELETE FROM MATRIXH WHERE AL_ID=28
DELETE FROM MATRIXH WHERE AL_ID=35
DELETE FROM MATRIXH WHERE AL_ID=42
DELETE FROM MATRIXH WHERE AL_ID=50
DELETE FROM MATRIXH WHERE AL_ID=56
DELETE FROM MATRIXH WHERE AL_ID=58
DELETE FROM MATRIXH WHERE AL_ID=59
DELETE FROM MATRIXH WHERE AL_ID=60
DELETE FROM MATRIXH WHERE AL_ID=61
DELETE FROM MATRIXH WHERE AL_ID=62
DELETE FROM MATRIXH WHERE AL_ID=64
DELETE FROM MATRIXH WHERE AL_ID=71
DELETE FROM MATRIXH WHERE AL_ID=78
DELETE FROM MATRIXH WHERE AL_ID=85
DELETE FROM MATRIXH WHERE AL_ID=92
DELETE FROM MATRIXH WHERE AL_ID=100
DELETE FROM MATRIXH WHERE AL_ID=107
DELETE FROM MATRIXH WHERE AL_ID=112
DELETE FROM MATRIXH WHERE AL_ID=113
DELETE FROM MATRIXH WHERE AL_ID=115
DELETE FROM MATRIXH WHERE AL_ID=116
DELETE FROM MATRIXH WHERE AL_ID=117
DELETE FROM MATRIXH WHERE AL_ID=118
DELETE FROM MATRIXH WHERE AL_ID=121
DELETE FROM MATRIXH WHERE AL_ID=128
DELETE FROM MATRIXH WHERE AL_ID=135
DELETE FROM MATRIXH WHERE AL_ID=142
DELETE FROM MATRIXH WHERE AL_ID=150
DELETE FROM MATRIXH WHERE AL_ID=157
DELETE FROM MATRIXH WHERE AL_ID=164
DELETE FROM MATRIXH WHERE AL_ID=168
DELETE FROM MATRIXH WHERE AL_ID=169
DELETE FROM MATRIXH WHERE AL_ID=170
DELETE FROM MATRIXH WHERE AL_ID=172
DELETE FROM MATRIXH WHERE AL_ID=173
DELETE FROM MATRIXH WHERE AL_ID=174
DELETE FROM MATRIXH WHERE AL_ID=178
DELETE FROM MATRIXH WHERE AL_ID=185
DELETE FROM MATRIXH WHERE AL_ID=192
DELETE FROM MATRIXH WHERE AL_ID=200
DELETE FROM MATRIXH WHERE AL_ID=207
DELETE FROM MATRIXH WHERE AL_ID=214
DELETE FROM MATRIXH WHERE AL_ID=221
DELETE FROM MATRIXH WHERE AL_ID=224
DELETE FROM MATRIXH WHERE AL_ID=225
DELETE FROM MATRIXH WHERE AL_ID=226
DELETE FROM MATRIXH WHERE AL_ID=227
DELETE FROM MATRIXH WHERE AL_ID=229
DELETE FROM MATRIXH WHERE AL_ID=230
DELETE FROM MATRIXH WHERE AL_ID=235
DELETE FROM MATRIXH WHERE AL_ID=242
DELETE FROM MATRIXH WHERE AL_ID=250
DELETE FROM MATRIXH WHERE AL_ID=257
DELETE FROM MATRIXH WHERE AL_ID=264
DELETE FROM MATRIXH WHERE AL_ID=271
DELETE FROM MATRIXH WHERE AL_ID=278
DELETE FROM MATRIXH WHERE AL_ID=280
DELETE FROM MATRIXH WHERE AL_ID=281
DELETE FROM MATRIXH WHERE AL_ID=282
DELETE FROM MATRIXH WHERE AL_ID=283
DELETE FROM MATRIXH WHERE AL_ID=284
DELETE FROM MATRIXH WHERE AL_ID=286
DELETE FROM MATRIXH WHERE AL_ID=292
DELETE FROM MATRIXH WHERE AL_ID=300
DELETE FROM MATRIXH WHERE AL_ID=307
DELETE FROM MATRIXH WHERE AL_ID=314
DELETE FROM MATRIXH WHERE AL_ID=321
DELETE FROM MATRIXH WHERE AL_ID=328
DELETE FROM MATRIXH WHERE AL_ID=335
DELETE FROM MATRIXH WHERE AL_ID=336
DELETE FROM MATRIXH WHERE AL_ID=337
DELETE FROM MATRIXH WHERE AL_ID=338
DELETE FROM MATRIXH WHERE AL_ID=339
DELETE FROM MATRIXH WHERE AL_ID=340
DELETE FROM MATRIXH WHERE AL_ID=341
INSERT INTO MATRIXH VALUES(1,2.0E0,1.0E0,1.0E0,0.5E0)
INSERT INTO MATRIXH VALUES(2,3.0E0,1.0E0,1.0E0,0.5E0)
INSERT INTO MATRIXH VALUES(3,4.0E0,1.0E0,1.0E0,0.5E0)
INSERT INTO MATRIXH VALUES(4,5.0E0,1.0E0,1.0E0,0.5E0)
INSERT INTO MATRIXH VALUES(5,6.0E0,1.0E0,1.0E0,0.5E0)
INSERT INTO MATRIXH VALUES(6,7.0E0,1.0E0,1.0E0,0.5E0)
INSERT INTO MATRIXH VALUES(7,1.0E0,2.0E0,1.0E0,0.5E0)
INSERT INTO MATRIXH VALUES(14,1.0E0,3.0E0,1.0E0,0.5E0)
INSERT INTO MATRIXH VALUES(21,1.0E0,4.0E0,1.0E0,0.5E0)
INSERT INTO MATRIXH VALUES(28,1.0E0,5.0E0,1.0E0,0.5E0)
INSERT INTO MATRIXH VALUES(35,1.0E0,6.0E0,1.0E0,0.5E0)
INSERT INTO MATRIXH VALUES(42,1.0E0,7.0E0,1.0E0,0.5E0)
INSERT INTO MATRIXH VALUES(50,2.0E0,1.0E0,2.0E0,0.5E0)
INSERT INTO MATRIXH VALUES(56,1.0E0,2.0E0,2.0E0,0.5E0)
INSERT INTO MATRIXH VALUES(58,3.0E0,2.0E0,2.0E0,0.5E0)
INSERT INTO MATRIXH VALUES(59,4.0E0,2.0E0,2.0E0,0.5E0)
INSERT INTO MATRIXH VALUES(60,5.0E0,2.0E0,2.0E0,0.5E0)
INSERT INTO MATRIXH VALUES(61,6.0E0,2.0E0,2.0E0,0.5E0)
INSERT INTO MATRIXH VALUES(62,7.0E0,2.0E0,2.0E0,0.5E0)
INSERT INTO MATRIXH VALUES(64,2.0E0,3.0E0,2.0E0,0.5E0)
INSERT INTO MATRIXH VALUES(71,2.0E0,4.0E0,2.0E0,0.5E0)
INSERT INTO MATRIXH VALUES(78,2.0E0,5.0E0,2.0E0,0.5E0)
INSERT INTO MATRIXH VALUES(85,2.0E0,6.0E0,2.0E0,0.5E0)
INSERT INTO MATRIXH VALUES(92,2.0E0,7.0E0,2.0E0,0.5E0)
INSERT INTO MATRIXH VALUES(100,3.0E0,1.0E0,3.0E0,0.5E0)
INSERT INTO MATRIXH VALUES(107,3.0E0,2.0E0,3.0E0,0.5E0)
INSERT INTO MATRIXH VALUES(112,1.0E0,3.0E0,3.0E0,0.5E0)
INSERT INTO MATRIXH VALUES(113,2.0E0,3.0E0,3.0E0,0.5E0)
INSERT INTO MATRIXH VALUES(115,4.0E0,3.0E0,3.0E0,0.5E0)
INSERT INTO MATRIXH VALUES(116,5.0E0,3.0E0,3.0E0,0.5E0)
INSERT INTO MATRIXH VALUES(117,6.0E0,3.0E0,3.0E0,0.5E0)
INSERT INTO MATRIXH VALUES(118,7.0E0,3.0E0,3.0E0,0.5E0)
INSERT INTO MATRIXH VALUES(121,3.0E0,4.0E0,3.0E0,0.5E0)
INSERT INTO MATRIXH VALUES(128,3.0E0,5.0E0,3.0E0,0.5E0)
INSERT INTO MATRIXH VALUES(135,3.0E0,6.0E0,3.0E0,0.5E0)
INSERT INTO MATRIXH VALUES(142,3.0E0,7.0E0,3.0E0,0.5E0)
INSERT INTO MATRIXH VALUES(150,4.0E0,1.0E0,4.0E0,0.5E0)
INSERT INTO MATRIXH VALUES(157,4.0E0,2.0E0,4.0E0,0.5E0)
INSERT INTO MATRIXH VALUES(164,4.0E0,3.0E0,4.0E0,0.5E0)
INSERT INTO MATRIXH VALUES(168,1.0E0,4.0E0,4.0E0,0.5E0)
INSERT INTO MATRIXH VALUES(169,2.0E0,4.0E0,4.0E0,0.5E0)
INSERT INTO MATRIXH VALUES(170,3.0E0,4.0E0,4.0E0,0.5E0)
INSERT INTO MATRIXH VALUES(172,5.0E0,4.0E0,4.0E0,0.5E0)
INSERT INTO MATRIXH VALUES(173,6.0E0,4.0E0,4.0E0,0.5E0)
INSERT INTO MATRIXH VALUES(174,7.0E0,4.0E0,4.0E0,0.5E0)
INSERT INTO MATRIXH VALUES(178,4.0E0,5.0E0,4.0E0,0.5E0)
INSERT INTO MATRIXH VALUES(185,4.0E0,6.0E0,4.0E0,0.5E0)
INSERT INTO MATRIXH VALUES(192,4.0E0,7.0E0,4.0E0,0.5E0)
INSERT INTO MATRIXH VALUES(200,5.0E0,1.0E0,5.0E0,0.5E0)
INSERT INTO MATRIXH VALUES(207,5.0E0,2.0E0,5.0E0,0.5E0)
INSERT INTO MATRIXH VALUES(214,5.0E0,3.0E0,5.0E0,0.5E0)
INSERT INTO MATRIXH VALUES(221,5.0E0,4.0E0,5.0E0,0.5E0)
INSERT INTO MATRIXH VALUES(224,1.0E0,5.0E0,5.0E0,0.5E0)
INSERT INTO MATRIXH VALUES(225,2.0E0,5.0E0,5.0E0,0.5E0)
INSERT INTO MATRIXH VALUES(226,3.0E0,5.0E0,5.0E0,0.5E0)
INSERT INTO MATRIXH VALUES(227,4.0E0,5.0E0,5.0E0,0.5E0)
INSERT INTO MATRIXH VALUES(229,6.0E0,5.0E0,5.0E0,0.5E0)
INSERT INTO MATRIXH VALUES(230,7.0E0,5.0E0,5.0E0,0.5E0)
INSERT INTO MATRIXH VALUES(235,5.0E0,6.0E0,5.0E0,0.5E0)
INSERT INTO MATRIXH VALUES(242,5.0E0,7.0E0,5.0E0,0.5E0)
INSERT INTO MATRIXH VALUES(250,6.0E0,1.0E0,6.0E0,0.5E0)
INSERT INTO MATRIXH VALUES(257,6.0E0,2.0E0,6.0E0,0.5E0)
INSERT INTO MATRIXH VALUES(264,6.0E0,3.0E0,6.0E0,0.5E0)
INSERT INTO MATRIXH VALUES(271,6.0E0,4.0E0,6.0E0,0.5E0)
INSERT INTO MATRIXH VALUES(278,6.0E0,5.0E0,6.0E0,0.5E0)
INSERT INTO MATRIXH VALUES(280,1.0E0,6.0E0,6.0E0,0.5E0)
INSERT INTO MATRIXH VALUES(281,2.0E0,6.0E0,6.0E0,0.5E0)
INSERT INTO MATRIXH VALUES(282,3.0E0,6.0E0,6.0E0,0.5E0)
INSERT INTO MATRIXH VALUES(283,4.0E0,6.0E0,6.0E0,0.5E0)
INSERT INTO MATRIXH VALUES(284,5.0E0,6.0E0,6.0E0,0.5E0)
INSERT INTO MATRIXH VALUES(286,7.0E0,6.0E0,6.0E0,0.5E0)
INSERT INTO MATRIXH VALUES(292,6.0E0,7.0E0,6.0E0,0.5E0)
INSERT INTO MATRIXH VALUES(300,7.0E0,1.0E0,7.0E0,0.5E0)
INSERT INTO MATRIXH VALUES(307,7.0E0,2.0E0,7.0E0,0.5E0)
INSERT INTO MATRIXH VALUES(314,7.0E0,3.0E0,7.0E0,0.5E0)
INSERT INTO MATRIXH VALUES(321,7.0E0,4.0E0,7.0E0,0.5E0)
INSERT INTO MATRIXH VALUES(328,7.0E0,5.0E0,7.0E0,0.5E0)
INSERT INTO MATRIXH VALUES(335,7.0E0,6.0E0,7.0E0,0.5E0)
INSERT INTO MATRIXH VALUES(336,1.0E0,7.0E0,7.0E0,0.5E0)
INSERT INTO MATRIXH VALUES(337,2.0E0,7.0E0,7.0E0,0.5E0)
INSERT INTO MATRIXH VALUES(338,3.0E0,7.0E0,7.0E0,0.5E0)
INSERT INTO MATRIXH VALUES(339,4.0E0,7.0E0,7.0E0,0.5E0)
INSERT INTO MATRIXH VALUES(340,5.0E0,7.0E0,7.0E0,0.5E0)
INSERT INTO MATRIXH VALUES(341,6.0E0,7.0E0,7.0E0,0.5E0)
COMMIT
DELETE FROM MATING WHERE AL_ID=0
DELETE FROM MATING WHERE AL_ID=1
DELETE FROM MATING WHERE AL_ID=2
DELETE FROM MATING WHERE AL_ID=3
DELETE FROM MATING WHERE AL_ID=4
DELETE FROM MATING WHERE AL_ID=5
DELETE FROM MATING WHERE AL_ID=6
DELETE FROM MATING WHERE AL_ID=7
DELETE FROM MATING WHERE AL_ID=8
DELETE FROM MATING WHERE AL_ID=9
DELETE FROM MATING WHERE AL_ID=10
DELETE FROM MATING WHERE AL_ID=11
DELETE FROM MATING WHERE AL_ID=12
DELETE FROM MATING WHERE AL_ID=13
DELETE FROM MATING WHERE AL_ID=14
DELETE FROM MATING WHERE AL_ID=15
DELETE FROM MATING WHERE AL_ID=16
DELETE FROM MATING WHERE AL_ID=17
DELETE FROM MATING WHERE AL_ID=18
DELETE FROM MATING WHERE AL_ID=19
DELETE FROM MATING WHERE AL_ID=20
DELETE FROM MATING WHERE AL_ID=21
DELETE FROM MATING WHERE AL_ID=22
DELETE FROM MATING WHERE AL_ID=23
DELETE FROM MATING WHERE AL_ID=24
DELETE FROM MATING WHERE AL_ID=25
DELETE FROM MATING WHERE AL_ID=26
DELETE FROM MATING WHERE AL_ID=27
DELETE FROM MATING WHERE AL_ID=28
DELETE FROM MATING WHERE AL_ID=29
DELETE FROM MATING WHERE AL_ID=30
DELETE FROM MATING WHERE AL_ID=31
DELETE FROM MATING WHERE AL_ID=32
DELETE FROM MATING WHERE AL_ID=33
DELETE FROM MATING WHERE AL_ID=34
DELETE FROM MATING WHERE AL_ID=35
DELETE FROM MATING WHERE AL_ID=36
DELETE FROM MATING WHERE AL_ID=37
DELETE FROM MATING WHERE AL_ID=38
DELETE FROM MATING WHERE AL_ID=39
DELETE FROM MATING WHERE AL_ID=40
DELETE FROM MATING WHERE AL_ID=41
DELETE FROM MATING WHERE AL_ID=42
DELETE FROM MATING WHERE AL_ID=43
DELETE FROM MATING WHERE AL_ID=44
DELETE FROM MATING WHERE AL_ID=45
DELETE FROM MATING WHERE AL_ID=46
DELETE FROM MATING WHERE AL_ID=47
DELETE FROM MATING WHERE AL_ID=48
INSERT INTO MATING VALUES(0,1.0E0,1.0E0,0.14285714285714285E0)
INSERT INTO MATING VALUES(1,2.0E0,1.0E0,0.14285714285714285E0)
INSERT INTO MATING VALUES(2,3.0E0,1.0E0,0.14285714285714285E0)
INSERT INTO MATING VALUES(3,4.0E0,1.0E0,0.14285714285714285E0)
INSERT INTO MATING VALUES(4,5.0E0,1.0E0,0.14285714285714285E0)
INSERT INTO MATING VALUES(5,6.0E0,1.0E0,0.14285714285714285E0)
INSERT INTO MATING VALUES(6,7.0E0,1.0E0,0.14285714285714285E0)
INSERT INTO MATING VALUES(7,1.0E0,2.0E0,0.14285714285714285E0)
INSERT INTO MATING VALUES(8,2.0E0,2.0E0,0.14285714285714285E0)
INSERT INTO MATING VALUES(9,3.0E0,2.0E0,0.14285714285714285E0)
INSERT INTO MATING VALUES(10,4.0E0,2.0E0,0.14285714285714285E0)
INSERT INTO MATING VALUES(11,5.0E0,2.0E0,0.14285714285714285E0)
INSERT INTO MATING VALUES(12,6.0E0,2.0E0,0.14285714285714285E0)
INSERT INTO MATING VALUES(13,7.0E0,2.0E0,0.14285714285714285E0)
INSERT INTO MATING VALUES(14,1.0E0,3.0E0,0.14285714285714285E0)
INSERT INTO MATING VALUES(15,2.0E0,3.0E0,0.14285714285714285E0)
INSERT INTO MATING VALUES(16,3.0E0,3.0E0,0.14285714285714285E0)
INSERT INTO MATING VALUES(17,4.0E0,3.0E0,0.14285714285714285E0)
INSERT INTO MATING VALUES(18,5.0E0,3.0E0,0.14285714285714285E0)
INSERT INTO MATING VALUES(19,6.0E0,3.0E0,0.14285714285714285E0)
INSERT INTO MATING VALUES(20,7.0E0,3.0E0,0.14285714285714285E0)
INSERT INTO MATING VALUES(21,1.0E0,4.0E0,0.14285714285714285E0)
INSERT INTO MATING VALUES(22,2.0E0,4.0E0,0.14285714285714285E0)
INSERT INTO MATING VALUES(23,3.0E0,4.0E0,0.14285714285714285E0)
INSERT INTO MATING VALUES(24,4.0E0,4.0E0,0.14285714285714285E0)
INSERT INTO MATING VALUES(25,5.0E0,4.0E0,0.14285714285714285E0)
INSERT INTO MATING VALUES(26,6.0E0,4.0E0,0.14285714285714285E0)
INSERT INTO MATING VALUES(27,7.0E0,4.0E0,0.14285714285714285E0)
INSERT INTO MATING VALUES(28,1.0E0,5.0E0,0.14285714285714285E0)
INSERT INTO MATING VALUES(29,2.0E0,5.0E0,0.14285714285714285E0)
INSERT INTO MATING VALUES(30,3.0E0,5.0E0,0.14285714285714285E0)
INSERT INTO MATING VALUES(31,4.0E0,5.0E0,0.14285714285714285E0)
INSERT INTO MATING VALUES(32,5.0E0,5.0E0,0.14285714285714285E0)
INSERT INTO MATING VALUES(33,6.0E0,5.0E0,0.14285714285714285E0)
INSERT INTO MATING VALUES(34,7.0E0,5.0E0,0.14285714285714285E0)
INSERT INTO MATING VALUES(35,1.0E0,6.0E0,0.14285714285714285E0)
INSERT INTO MATING VALUES(36,2.0E0,6.0E0,0.14285714285714285E0)
INSERT INTO MATING VALUES(37,3.0E0,6.0E0,0.14285714285714285E0)
INSERT INTO MATING VALUES(38,4.0E0,6.0E0,0.14285714285714285E0)
INSERT INTO MATING VALUES(39,5.0E0,6.0E0,0.14285714285714285E0)
INSERT INTO MATING VALUES(40,6.0E0,6.0E0,0.14285714285714285E0)
INSERT INTO MATING VALUES(41,7.0E0,6.0E0,0.14285714285714285E0)
INSERT INTO MATING VALUES(42,1.0E0,7.0E0,0.14285714285714285E0)
INSERT INTO MATING VALUES(43,2.0E0,7.0E0,0.14285714285714285E0)
INSERT INTO MATING VALUES(44,3.0E0,7.0E0,0.14285714285714285E0)
INSERT INTO MATING VALUES(45,4.0E0,7.0E0,0.14285714285714285E0)
INSERT INTO MATING VALUES(46,5.0E0,7.0E0,0.14285714285714285E0)
INSERT INTO MATING VALUES(47,6.0E0,7.0E0,0.14285714285714285E0)
INSERT INTO MATING VALUES(48,7.0E0,7.0E0,0.14285714285714285E0)
COMMIT
DISCONNECT
